<?xml version="1.0" encoding="UTF-8"?>
<!-- Generated by org.testng.reporters.JUnitXMLReporter -->
<testsuite ignored="0" hostname="DESKTOP-TL25OI3" failures="0" tests="4" name="Surefire test" time="10.73" errors="0" timestamp="2025-04-10T17:03:19 IST">
  <testcase classname="api.testcasses.UserTest" name="testCreateUser" time="4.873"/>
  <testcase classname="api.testcasses.UserTest" name="testGetUserData" time="1.414"/>
  <testcase classname="api.testcasses.UserTest" name="testUpdateUser" time="2.668"/>
  <testcase classname="api.testcasses.UserTest" name="testDeleteUser" time="1.426"/>
</testsuite> <!-- Surefire test -->
