<?xml version="1.0" encoding="UTF-8"?>
<!-- Generated by org.testng.reporters.JUnitXMLReporter -->
<testsuite ignored="0" hostname="DESKTOP-TL25OI3" failures="0" tests="4" name="Default test" time="8.263" errors="0" timestamp="2025-04-24T18:05:22 IST">
  <testcase classname="api.testcasses.UserTest2" name="testCreateUser" time="2.897"/>
  <testcase classname="api.testcasses.UserTest2" name="testGetUserData" time="1.122"/>
  <testcase classname="api.testcasses.UserTest2" name="testUpdateUser" time="2.298"/>
  <testcase classname="api.testcasses.UserTest2" name="testDeleteUser" time="1.166"/>
</testsuite> <!-- Default test -->
