<?xml version="1.0" encoding="UTF-8"?>
<!-- Generated by org.testng.reporters.JUnitXMLReporter -->
<testsuite ignored="0" hostname="DESKTOP-TL25OI3" failures="0" tests="4" name="Test" time="10.789" errors="0" timestamp="2025-04-24T14:57:47 IST">
  <testcase classname="api.testcasses.UserTest" name="testCreateUser" time="3.595"/>
  <testcase classname="api.testcasses.UserTest" name="testGetUserData" time="1.539"/>
  <testcase classname="api.testcasses.UserTest" name="testUpdateUser" time="2.622"/>
  <testcase classname="api.testcasses.UserTest" name="testDeleteUser" time="1.419"/>
</testsuite> <!-- Test -->
