<?xml version="1.0" encoding="UTF-8"?>
<!-- Generated by org.testng.reporters.JUnitXMLReporter -->
<testsuite ignored="0" hostname="DESKTOP-TL25OI3" failures="0" tests="4" name="Test" time="10.985" errors="0" timestamp="2025-04-24T19:32:30 IST">
  <testcase classname="api.testcasses.UserTest" name="testCreateUser" time="4.036"/>
  <testcase classname="api.testcasses.UserTest" name="testGetUserData" time="1.45"/>
  <testcase classname="api.testcasses.UserTest" name="testUpdateUser" time="2.656"/>
  <testcase classname="api.testcasses.UserTest" name="testDeleteUser" time="1.532"/>
</testsuite> <!-- Test -->
