<?xml version="1.0" encoding="UTF-8"?>
<!-- Generated by org.testng.reporters.JUnitXMLReporter -->
<testsuite ignored="0" hostname="DESKTOP-TL25OI3" failures="0" tests="4" name="Test" time="8.636" errors="0" timestamp="2025-04-24T18:41:37 IST">
  <testcase classname="api.testcasses.UserTest" name="testCreateUser" time="3.179"/>
  <testcase classname="api.testcasses.UserTest" name="testGetUserData" time="1.214"/>
  <testcase classname="api.testcasses.UserTest" name="testUpdateUser" time="2.237"/>
  <testcase classname="api.testcasses.UserTest" name="testDeleteUser" time="1.065"/>
</testsuite> <!-- Test -->
