<?xml version="1.0" encoding="UTF-8"?>
<testsuite xmlns:xsi="http://www.w3.org/2001/XMLSchema-instance" xsi:noNamespaceSchemaLocation="https://maven.apache.org/surefire/maven-surefire-plugin/xsd/surefire-test-report-3.0.xsd" version="3.0" name="api.testcasses.UserTest" time="16.102" tests="4" errors="0" skipped="0" failures="0">
  <properties>
[...]
</properties>
  <testcase name="testCreateUser" classname="api.testcasses.UserTest" time="4.89">
    <system-out><![CDATA[HTTP/1.1 200 OK
Date: Thu, 10 Apr 2025 11:33:15 GMT
Content-Type: application/json
Transfer-Encoding: chunked
Connection: keep-alive
Access-Control-Allow-Origin: *
Access-Control-Allow-Methods: GET, POST, DELETE, PUT
Access-Control-Allow-Headers: Content-Type, api_key, Authorization
Server: Jetty(9.2.9.v20150224)

{
    "code": 200,
    "type": "unknown",
    "message": "262457445"
}
]]></system-out>
    <system-err><![CDATA[SLF4J: Failed to load class "org.slf4j.impl.StaticLoggerBinder".
SLF4J: Defaulting to no-operation (NOP) logger implementation
SLF4J: See http://www.slf4j.org/codes.html#StaticLoggerBinder for further details.
]]></system-err>
  </testcase>
  <testcase name="testGetUserData" classname="api.testcasses.UserTest" time="1.66">
    <system-out><![CDATA[Read User Data.
HTTP/1.1 200 OK
Date: Thu, 10 Apr 2025 11:33:16 GMT
Content-Type: application/json
Transfer-Encoding: chunked
Connection: keep-alive
Access-Control-Allow-Origin: *
Access-Control-Allow-Methods: GET, POST, DELETE, PUT
Access-Control-Allow-Headers: Content-Type, api_key, Authorization
Server: Jetty(9.2.9.v20150224)

{
    "id": 262457445,
    "username": "leon.goodwin",
    "firstName": "Jacelyn",
    "lastName": "Moore",
    "email": "harold.weissnat@example.com",
    "password": "5jgrm",
    "phone": "156-094-9990",
    "userStatus": 0
}
]]></system-out>
  </testcase>
  <testcase name="testUpdateUser" classname="api.testcasses.UserTest" time="2.791">
    <system-out><![CDATA[After Update User Data.
HTTP/1.1 200 OK
Date: Thu, 10 Apr 2025 11:33:18 GMT
Content-Type: application/json
Transfer-Encoding: chunked
Connection: keep-alive
Access-Control-Allow-Origin: *
Access-Control-Allow-Methods: GET, POST, DELETE, PUT
Access-Control-Allow-Headers: Content-Type, api_key, Authorization
Server: Jetty(9.2.9.v20150224)

{
    "code": 200,
    "type": "unknown",
    "message": "262457445"
}
After Update User Data.
HTTP/1.1 200 OK
Date: Thu, 10 Apr 2025 11:33:19 GMT
Content-Type: application/json
Transfer-Encoding: chunked
Connection: keep-alive
Access-Control-Allow-Origin: *
Access-Control-Allow-Methods: GET, POST, DELETE, PUT
Access-Control-Allow-Headers: Content-Type, api_key, Authorization
Server: Jetty(9.2.9.v20150224)

{
    "id": 262457445,
    "username": "leon.goodwin",
    "firstName": "Felipa",
    "lastName": "Moore",
    "email": "harold.weissnat@example.com",
    "password": "5jgrm",
    "phone": "156-094-9990",
    "userStatus": 0
}
]]></system-out>
  </testcase>
  <testcase name="testDeleteUser" classname="api.testcasses.UserTest" time="1.514">
    <system-out><![CDATA[Delete User Data.
HTTP/1.1 200 OK
Date: Thu, 10 Apr 2025 11:33:20 GMT
Content-Type: application/json
Transfer-Encoding: chunked
Connection: keep-alive
Access-Control-Allow-Origin: *
Access-Control-Allow-Methods: GET, POST, DELETE, PUT
Access-Control-Allow-Headers: Content-Type, api_key, Authorization
Server: Jetty(9.2.9.v20150224)

{
    "code": 200,
    "type": "unknown",
    "message": "leon.goodwin"
}
]]></system-out>
  </testcase>
</testsuite>