<?xml version="1.0" encoding="UTF-8"?>
<testng-results ignored="0" total="4" passed="4" failed="0" skipped="0">
  <reporter-output>
  </reporter-output>
  <suite started-at="2025-04-24T19:32:18 IST" name="Suite" finished-at="2025-04-24T19:32:29 IST" duration-ms="10985">
    <groups>
    </groups>
    <test started-at="2025-04-24T19:32:18 IST" name="Test" finished-at="2025-04-24T19:32:29 IST" duration-ms="10985">
      <class name="api.testcasses.UserTest">
        <test-method is-config="true" signature="generateTestData()[pri:0, instance:api.testcasses.UserTest@4f6ee6e4]" started-at="2025-04-24T19:32:18 IST" name="generateTestData" finished-at="2025-04-24T19:32:19 IST" duration-ms="975" status="PASS">
          <reporter-output>
          </reporter-output>
        </test-method> <!-- generateTestData -->
        <test-method signature="testCreateUser()[pri:1, instance:api.testcasses.UserTest@4f6ee6e4]" started-at="2025-04-24T19:32:19 IST" name="testCreateUser" finished-at="2025-04-24T19:32:23 IST" duration-ms="4036" status="PASS">
          <reporter-output>
          </reporter-output>
        </test-method> <!-- testCreateUser -->
        <test-method signature="testGetUserData()[pri:2, instance:api.testcasses.UserTest@4f6ee6e4]" started-at="2025-04-24T19:32:23 IST" name="testGetUserData" finished-at="2025-04-24T19:32:25 IST" duration-ms="1450" status="PASS">
          <reporter-output>
          </reporter-output>
        </test-method> <!-- testGetUserData -->
        <test-method signature="testUpdateUser()[pri:3, instance:api.testcasses.UserTest@4f6ee6e4]" started-at="2025-04-24T19:32:25 IST" name="testUpdateUser" finished-at="2025-04-24T19:32:28 IST" duration-ms="2656" status="PASS">
          <reporter-output>
          </reporter-output>
        </test-method> <!-- testUpdateUser -->
        <test-method signature="testDeleteUser()[pri:4, instance:api.testcasses.UserTest@4f6ee6e4]" started-at="2025-04-24T19:32:28 IST" name="testDeleteUser" finished-at="2025-04-24T19:32:29 IST" duration-ms="1532" status="PASS">
          <reporter-output>
          </reporter-output>
        </test-method> <!-- testDeleteUser -->
      </class> <!-- api.testcasses.UserTest -->
    </test> <!-- Test -->
  </suite> <!-- Suite -->
</testng-results>
