<?xml version="1.0" encoding="UTF-8"?>
<testng-results ignored="0" total="4" passed="4" failed="0" skipped="0">
  <reporter-output>
  </reporter-output>
  <suite started-at="2025-04-24T18:05:14 IST" name="Default suite" finished-at="2025-04-24T18:05:22 IST" duration-ms="8263">
    <groups>
    </groups>
    <test started-at="2025-04-24T18:05:14 IST" name="Default test" finished-at="2025-04-24T18:05:22 IST" duration-ms="8263">
      <class name="api.testcasses.UserTest2">
        <test-method is-config="true" signature="generateTestData()[pri:0, instance:api.testcasses.UserTest2@36ebc363]" started-at="2025-04-24T18:05:14 IST" name="generateTestData" finished-at="2025-04-24T18:05:15 IST" duration-ms="730" status="PASS">
          <reporter-output>
          </reporter-output>
        </test-method> <!-- generateTestData -->
        <test-method signature="testCreateUser()[pri:1, instance:api.testcasses.UserTest2@36ebc363]" started-at="2025-04-24T18:05:15 IST" name="testCreateUser" finished-at="2025-04-24T18:05:18 IST" duration-ms="2897" status="PASS">
          <reporter-output>
          </reporter-output>
        </test-method> <!-- testCreateUser -->
        <test-method signature="testGetUserData()[pri:2, instance:api.testcasses.UserTest2@36ebc363]" started-at="2025-04-24T18:05:18 IST" name="testGetUserData" finished-at="2025-04-24T18:05:19 IST" duration-ms="1122" status="PASS">
          <reporter-output>
          </reporter-output>
        </test-method> <!-- testGetUserData -->
        <test-method signature="testUpdateUser()[pri:3, instance:api.testcasses.UserTest2@36ebc363]" started-at="2025-04-24T18:05:19 IST" name="testUpdateUser" finished-at="2025-04-24T18:05:21 IST" duration-ms="2298" status="PASS">
          <reporter-output>
          </reporter-output>
        </test-method> <!-- testUpdateUser -->
        <test-method signature="testDeleteUser()[pri:4, instance:api.testcasses.UserTest2@36ebc363]" started-at="2025-04-24T18:05:21 IST" name="testDeleteUser" finished-at="2025-04-24T18:05:22 IST" duration-ms="1166" status="PASS">
          <reporter-output>
          </reporter-output>
        </test-method> <!-- testDeleteUser -->
      </class> <!-- api.testcasses.UserTest2 -->
    </test> <!-- Default test -->
  </suite> <!-- Default suite -->
</testng-results>
